# JRE version: OpenJDK Runtime Environment Microsoft-8035246 (17.0.8+7) (build 17.0.8+7-LTS)
# Java VM: OpenJDK 64-Bit Server VM Microsoft-8035246 (17.0.8+7-LTS, mixed mode, sharing, tiered, compressed oops, compressed class ptrs, g1 gc, windows-amd64)
GC Precious Log:
 CPUs: 8 total, 8 available
 Memory: 3992M
 Large Page Support: Disabled
 NUMA Support: Disabled
 Compressed Oops: Enabled (32-bit)
 Heap Region Size: 1M
 Heap Min Capacity: 8M
 Heap Initial Capacity: 64M
 Heap Max Capacity: 2G
 Pre-touch: Disabled
 Parallel Workers: 8
 Concurrent Workers: 2
 Concurrent Refinement Workers: 8
 Periodic GC: Disabled
Heap:
 garbage-first heap   total 307200K, used 214446K [0x0000000080000000, 0x0000000100000000)
  region size 1024K, 62 young (63488K), 9 survivors (9216K)
 Metaspace       used 98792K, committed 99840K, reserved 557056K
  class space    used 13847K, committed 14336K, reserved 425984K
GC Heap History (20 events):
Event: 48.060 GC heap before
{Heap before GC invocations=65 (full 0):
 garbage-first heap   total 153600K, used 126032K [0x0000000080000000, 0x0000000100000000)
  region size 1024K, 39 young (39936K), 4 survivors (4096K)
 Metaspace       used 79206K, committed 80000K, reserved 557056K
  class space    used 11053K, committed 11392K, reserved 425984K
}
Event: 48.081 GC heap after
{Heap after GC invocations=66 (full 0):
 garbage-first heap   total 153600K, used 92289K [0x0000000080000000, 0x0000000100000000)
  region size 1024K, 3 young (3072K), 3 survivors (3072K)
 Metaspace       used 79206K, committed 80000K, reserved 557056K
  class space    used 11053K, committed 11392K, reserved 425984K
}
Event: 49.595 GC heap before
{Heap before GC invocations=66 (full 0):
 garbage-first heap   total 153600K, used 127105K [0x0000000080000000, 0x0000000100000000)
  region size 1024K, 37 young (37888K), 3 survivors (3072K)
 Metaspace       used 81536K, committed 82240K, reserved 557056K
  class space    used 11457K, committed 11776K, reserved 425984K
}
Event: 49.601 GC heap after
{Heap after GC invocations=67 (full 0):
 garbage-first heap   total 153600K, used 93006K [0x0000000080000000, 0x0000000100000000)
  region size 1024K, 3 young (3072K), 3 survivors (3072K)
 Metaspace       used 81536K, committed 82240K, reserved 557056K
  class space    used 11457K, committed 11776K, reserved 425984K
}
Event: 51.340 GC heap before
{Heap before GC invocations=67 (full 0):
 garbage-first heap   total 153600K, used 128846K [0x0000000080000000, 0x0000000100000000)
  region size 1024K, 38 young (38912K), 3 survivors (3072K)
 Metaspace       used 83990K, committed 84736K, reserved 557056K
  class space    used 11869K, committed 12224K, reserved 425984K
}
Event: 51.352 GC heap after
{Heap after GC invocations=68 (full 0):
 garbage-first heap   total 153600K, used 94683K [0x0000000080000000, 0x0000000100000000)
  region size 1024K, 3 young (3072K), 3 survivors (3072K)
 Metaspace       used 83990K, committed 84736K, reserved 557056K
  class space    used 11869K, committed 12224K, reserved 425984K
}
Event: 53.016 GC heap before
{Heap before GC invocations=68 (full 0):
 garbage-first heap   total 153600K, used 130523K [0x0000000080000000, 0x0000000100000000)
  region size 1024K, 38 young (38912K), 3 survivors (3072K)
 Metaspace       used 85814K, committed 86656K, reserved 557056K
  class space    used 12116K, committed 12480K, reserved 425984K
}
Event: 53.030 GC heap after
{Heap after GC invocations=69 (full 0):
 garbage-first heap   total 153600K, used 97277K [0x0000000080000000, 0x0000000100000000)
  region size 1024K, 5 young (5120K), 5 survivors (5120K)
 Metaspace       used 85814K, committed 86656K, reserved 557056K
  class space    used 12116K, committed 12480K, reserved 425984K
}
Event: 54.404 GC heap before
{Heap before GC invocations=69 (full 0):
 garbage-first heap   total 153600K, used 131069K [0x0000000080000000, 0x0000000100000000)
  region size 1024K, 38 young (38912K), 5 survivors (5120K)
 Metaspace       used 87362K, committed 88192K, reserved 557056K
  class space    used 12396K, committed 12800K, reserved 425984K
}
Event: 54.530 GC heap after
{Heap after GC invocations=70 (full 0):
 garbage-first heap   total 153600K, used 102760K [0x0000000080000000, 0x0000000100000000)
  region size 1024K, 5 young (5120K), 5 survivors (5120K)
 Metaspace       used 87362K, committed 88192K, reserved 557056K
  class space    used 12396K, committed 12800K, reserved 425984K
}
Event: 55.947 GC heap before
{Heap before GC invocations=70 (full 0):
 garbage-first heap   total 153600K, used 130408K [0x0000000080000000, 0x0000000100000000)
  region size 1024K, 31 young (31744K), 5 survivors (5120K)
 Metaspace       used 87721K, committed 88640K, reserved 557056K
  class space    used 12410K, committed 12800K, reserved 425984K
}
Event: 55.968 GC heap after
{Heap after GC invocations=71 (full 0):
 garbage-first heap   total 307200K, used 111616K [0x0000000080000000, 0x0000000100000000)
  region size 1024K, 4 young (4096K), 4 survivors (4096K)
 Metaspace       used 87721K, committed 88640K, reserved 557056K
  class space    used 12410K, committed 12800K, reserved 425984K
}
Event: 61.497 GC heap before
{Heap before GC invocations=71 (full 0):
 garbage-first heap   total 307200K, used 227328K [0x0000000080000000, 0x0000000100000000)
  region size 1024K, 114 young (116736K), 4 survivors (4096K)
 Metaspace       used 93775K, committed 94720K, reserved 557056K
  class space    used 13214K, committed 13632K, reserved 425984K
}
Event: 61.557 GC heap after
{Heap after GC invocations=72 (full 0):
 garbage-first heap   total 307200K, used 131072K [0x0000000080000000, 0x0000000100000000)
  region size 1024K, 15 young (15360K), 15 survivors (15360K)
 Metaspace       used 93775K, committed 94720K, reserved 557056K
  class space    used 13214K, committed 13632K, reserved 425984K
}
Event: 65.426 GC heap before
{Heap before GC invocations=72 (full 0):
 garbage-first heap   total 307200K, used 224256K [0x0000000080000000, 0x0000000100000000)
  region size 1024K, 106 young (108544K), 15 survivors (15360K)
 Metaspace       used 96860K, committed 97792K, reserved 557056K
  class space    used 13592K, committed 14016K, reserved 425984K
}
Event: 65.520 GC heap after
{Heap after GC invocations=73 (full 0):
 garbage-first heap   total 307200K, used 141331K [0x0000000080000000, 0x0000000100000000)
  region size 1024K, 10 young (10240K), 10 survivors (10240K)
 Metaspace       used 96860K, committed 97792K, reserved 557056K
  class space    used 13592K, committed 14016K, reserved 425984K
}
Event: 67.524 GC heap before
{Heap before GC invocations=73 (full 0):
 garbage-first heap   total 307200K, used 230419K [0x0000000080000000, 0x0000000100000000)
  region size 1024K, 98 young (100352K), 10 survivors (10240K)
 Metaspace       used 98246K, committed 99264K, reserved 557056K
  class space    used 13792K, committed 14272K, reserved 425984K
}
Event: 67.560 GC heap after
{Heap after GC invocations=74 (full 0):
 garbage-first heap   total 307200K, used 149514K [0x0000000080000000, 0x0000000100000000)
  region size 1024K, 8 young (8192K), 8 survivors (8192K)
 Metaspace       used 98246K, committed 99264K, reserved 557056K
  class space    used 13792K, committed 14272K, reserved 425984K
}
Event: 69.768 GC heap before
{Heap before GC invocations=74 (full 0):
 garbage-first heap   total 307200K, used 239626K [0x0000000080000000, 0x0000000100000000)
  region size 1024K, 97 young (99328K), 8 survivors (8192K)
 Metaspace       used 98691K, committed 99712K, reserved 557056K
  class space    used 13843K, committed 14336K, reserved 425984K
}
Event: 69.799 GC heap after
{Heap after GC invocations=75 (full 0):
 garbage-first heap   total 307200K, used 158126K [0x0000000080000000, 0x0000000100000000)
  region size 1024K, 9 young (9216K), 9 survivors (9216K)
 Metaspace       used 98691K, committed 99712K, reserved 557056K
  class space    used 13843K, committed 14336K, reserved 425984K
}

