# JRE version: OpenJDK Runtime Environment Microsoft-8035246 (17.0.8+7) (build 17.0.8+7-LTS)
# Java VM: OpenJDK 64-Bit Server VM Microsoft-8035246 (17.0.8+7-LTS, mixed mode, sharing, tiered, compressed oops, compressed class ptrs, g1 gc, windows-amd64)
GC Precious Log:
 CPUs: 8 total, 8 available
 Memory: 3992M
 Large Page Support: Disabled
 NUMA Support: Disabled
 Compressed Oops: Enabled (32-bit)
 Heap Region Size: 1M
 Heap Min Capacity: 8M
 Heap Initial Capacity: 64M
 Heap Max Capacity: 2G
 Pre-touch: Disabled
 Parallel Workers: 8
 Concurrent Workers: 2
 Concurrent Refinement Workers: 8
 Periodic GC: Disabled
Heap:
 garbage-first heap   total 340992K, used 189650K [0x0000000080000000, 0x0000000100000000)
  region size 1024K, 44 young (45056K), 10 survivors (10240K)
 Metaspace       used 98608K, committed 99648K, reserved 557056K
  class space    used 13789K, committed 14272K, reserved 425984K
GC Heap History (20 events):
Event: 101.173 GC heap before
{Heap before GC invocations=67 (full 0):
 garbage-first heap   total 165888K, used 122377K [0x0000000080000000, 0x0000000100000000)
  region size 1024K, 34 young (34816K), 2 survivors (2048K)
 Metaspace       used 72208K, committed 72960K, reserved 491520K
  class space    used 10075K, committed 10432K, reserved 425984K
}
Event: 101.210 GC heap after
{Heap after GC invocations=68 (full 0):
 garbage-first heap   total 165888K, used 85076K [0x0000000080000000, 0x0000000100000000)
  region size 1024K, 4 young (4096K), 4 survivors (4096K)
 Metaspace       used 72208K, committed 72960K, reserved 491520K
  class space    used 10075K, committed 10432K, reserved 425984K
}
Event: 101.499 GC heap before
{Heap before GC invocations=68 (full 0):
 garbage-first heap   total 165888K, used 89172K [0x0000000080000000, 0x0000000100000000)
  region size 1024K, 8 young (8192K), 4 survivors (4096K)
 Metaspace       used 72501K, committed 73216K, reserved 491520K
  class space    used 10112K, committed 10432K, reserved 425984K
}
Event: 101.523 GC heap after
{Heap after GC invocations=69 (full 0):
 garbage-first heap   total 165888K, used 85272K [0x0000000080000000, 0x0000000100000000)
  region size 1024K, 1 young (1024K), 1 survivors (1024K)
 Metaspace       used 72501K, committed 73216K, reserved 491520K
  class space    used 10112K, committed 10432K, reserved 425984K
}
Event: 104.079 GC heap before
{Heap before GC invocations=69 (full 0):
 garbage-first heap   total 165888K, used 127256K [0x0000000080000000, 0x0000000100000000)
  region size 1024K, 42 young (43008K), 1 survivors (1024K)
 Metaspace       used 75618K, committed 76352K, reserved 491520K
  class space    used 10525K, committed 10880K, reserved 425984K
}
Event: 104.095 GC heap after
{Heap after GC invocations=70 (full 0):
 garbage-first heap   total 165888K, used 86623K [0x0000000080000000, 0x0000000100000000)
  region size 1024K, 2 young (2048K), 2 survivors (2048K)
 Metaspace       used 75618K, committed 76352K, reserved 491520K
  class space    used 10525K, committed 10880K, reserved 425984K
}
Event: 105.440 GC heap before
{Heap before GC invocations=71 (full 0):
 garbage-first heap   total 165888K, used 129631K [0x0000000080000000, 0x0000000100000000)
  region size 1024K, 44 young (45056K), 2 survivors (2048K)
 Metaspace       used 76922K, committed 77696K, reserved 557056K
  class space    used 10706K, committed 11072K, reserved 425984K
}
Event: 105.451 GC heap after
{Heap after GC invocations=72 (full 0):
 garbage-first heap   total 165888K, used 89862K [0x0000000080000000, 0x0000000100000000)
  region size 1024K, 5 young (5120K), 5 survivors (5120K)
 Metaspace       used 76922K, committed 77696K, reserved 557056K
  class space    used 10706K, committed 11072K, reserved 425984K
}
Event: 105.480 GC heap before
{Heap before GC invocations=72 (full 0):
 garbage-first heap   total 165888K, used 92934K [0x0000000080000000, 0x0000000100000000)
  region size 1024K, 8 young (8192K), 5 survivors (5120K)
 Metaspace       used 76937K, committed 77696K, reserved 557056K
  class space    used 10708K, committed 11072K, reserved 425984K
}
Event: 105.502 GC heap after
{Heap after GC invocations=73 (full 0):
 garbage-first heap   total 165888K, used 90205K [0x0000000080000000, 0x0000000100000000)
  region size 1024K, 1 young (1024K), 1 survivors (1024K)
 Metaspace       used 76937K, committed 77696K, reserved 557056K
  class space    used 10708K, committed 11072K, reserved 425984K
}
Event: 122.919 GC heap before
{Heap before GC invocations=73 (full 0):
 garbage-first heap   total 165888K, used 131165K [0x0000000080000000, 0x0000000100000000)
  region size 1024K, 41 young (41984K), 1 survivors (1024K)
 Metaspace       used 78888K, committed 79616K, reserved 557056K
  class space    used 10989K, committed 11328K, reserved 425984K
}
Event: 122.982 GC heap after
{Heap after GC invocations=74 (full 0):
 garbage-first heap   total 340992K, used 92256K [0x0000000080000000, 0x0000000100000000)
  region size 1024K, 3 young (3072K), 3 survivors (3072K)
 Metaspace       used 78888K, committed 79616K, reserved 557056K
  class space    used 10989K, committed 11328K, reserved 425984K
}
Event: 139.380 GC heap before
{Heap before GC invocations=74 (full 0):
 garbage-first heap   total 340992K, used 281696K [0x0000000080000000, 0x0000000100000000)
  region size 1024K, 183 young (187392K), 3 survivors (3072K)
 Metaspace       used 87874K, committed 88832K, reserved 557056K
  class space    used 12419K, committed 12864K, reserved 425984K
}
Event: 139.412 GC heap after
{Heap after GC invocations=75 (full 0):
 garbage-first heap   total 340992K, used 116767K [0x0000000080000000, 0x0000000100000000)
  region size 1024K, 23 young (23552K), 23 survivors (23552K)
 Metaspace       used 87874K, committed 88832K, reserved 557056K
  class space    used 12419K, committed 12864K, reserved 425984K
}
Event: 151.701 GC heap before
{Heap before GC invocations=75 (full 0):
 garbage-first heap   total 340992K, used 251935K [0x0000000080000000, 0x0000000100000000)
  region size 1024K, 155 young (158720K), 23 survivors (23552K)
 Metaspace       used 95109K, committed 96128K, reserved 557056K
  class space    used 13384K, committed 13824K, reserved 425984K
}
Event: 151.948 GC heap after
{Heap after GC invocations=76 (full 0):
 garbage-first heap   total 340992K, used 134180K [0x0000000080000000, 0x0000000100000000)
  region size 1024K, 17 young (17408K), 17 survivors (17408K)
 Metaspace       used 95109K, committed 96128K, reserved 557056K
  class space    used 13384K, committed 13824K, reserved 425984K
}
Event: 157.648 GC heap before
{Heap before GC invocations=76 (full 0):
 garbage-first heap   total 340992K, used 255012K [0x0000000080000000, 0x0000000100000000)
  region size 1024K, 136 young (139264K), 17 survivors (17408K)
 Metaspace       used 97942K, committed 98944K, reserved 557056K
  class space    used 13737K, committed 14208K, reserved 425984K
}
Event: 157.704 GC heap after
{Heap after GC invocations=77 (full 0):
 garbage-first heap   total 340992K, used 147074K [0x0000000080000000, 0x0000000100000000)
  region size 1024K, 14 young (14336K), 14 survivors (14336K)
 Metaspace       used 97942K, committed 98944K, reserved 557056K
  class space    used 13737K, committed 14208K, reserved 425984K
}
Event: 160.848 GC heap before
{Heap before GC invocations=77 (full 0):
 garbage-first heap   total 340992K, used 261762K [0x0000000080000000, 0x0000000100000000)
  region size 1024K, 127 young (130048K), 14 survivors (14336K)
 Metaspace       used 98550K, committed 99648K, reserved 557056K
  class space    used 13789K, committed 14272K, reserved 425984K
}
Event: 160.881 GC heap after
{Heap after GC invocations=78 (full 0):
 garbage-first heap   total 340992K, used 155858K [0x0000000080000000, 0x0000000100000000)
  region size 1024K, 10 young (10240K), 10 survivors (10240K)
 Metaspace       used 98550K, committed 99648K, reserved 557056K
  class space    used 13789K, committed 14272K, reserved 425984K
}

